<?xml version="1.0" encoding="UTF-8"?>
<testng-results ignored="0" total="1" passed="1" failed="0" skipped="0">
  <reporter-output>
  </reporter-output>
  <suite started-at="2023-02-02T16:50:35 IST" name="Default suite" finished-at="2023-02-02T16:50:53 IST" duration-ms="18164">
    <groups>
    </groups>
    <test started-at="2023-02-02T16:50:35 IST" name="Default test" finished-at="2023-02-02T16:50:53 IST" duration-ms="18164">
      <class name="testPackage.TC_loginpage">
        <test-method is-config="true" signature="setup()[pri:0, instance:testPackage.TC_loginpage@48ae9b55]" started-at="2023-02-02T16:50:35 IST" name="setup" finished-at="2023-02-02T16:50:45 IST" duration-ms="10498" status="PASS">
          <reporter-output>
          </reporter-output>
        </test-method> <!-- setup -->
        <test-method is-config="true" signature="object()[pri:0, instance:testPackage.TC_loginpage@48ae9b55]" started-at="2023-02-02T16:50:45 IST" name="object" finished-at="2023-02-02T16:50:45 IST" duration-ms="24" status="PASS">
          <reporter-output>
          </reporter-output>
        </test-method> <!-- object -->
        <test-method signature="verifylaunch()[pri:0, instance:testPackage.TC_loginpage@48ae9b55]" started-at="2023-02-02T16:50:45 IST" name="verifylaunch" finished-at="2023-02-02T16:50:53 IST" duration-ms="7347" status="PASS">
          <reporter-output>
          </reporter-output>
        </test-method> <!-- verifylaunch -->
        <test-method is-config="true" signature="teardown()[pri:0, instance:testPackage.TC_loginpage@48ae9b55]" started-at="2023-02-02T16:50:53 IST" name="teardown" finished-at="2023-02-02T16:50:53 IST" duration-ms="256" status="PASS">
          <reporter-output>
          </reporter-output>
        </test-method> <!-- teardown -->
      </class> <!-- testPackage.TC_loginpage -->
    </test> <!-- Default test -->
  </suite> <!-- Default suite -->
</testng-results>
